<?xml version="1.0" encoding="UTF-8"?>
<testng-results ignored="0" total="1" passed="1" failed="0" skipped="0">
  <reporter-output>
  </reporter-output>
  <suite started-at="2023-10-30T20:35:36 IST" name="Default suite" finished-at="2023-10-30T20:35:45 IST" duration-ms="9121">
    <groups>
    </groups>
    <test started-at="2023-10-30T20:35:36 IST" name="Default test" finished-at="2023-10-30T20:35:45 IST" duration-ms="9121">
      <class name="Test.ChitraTest">
        <test-method is-config="true" signature="setup()[pri:0, instance:Test.ChitraTest@6aeb35e6]" started-at="2023-10-30T20:35:36 IST" name="setup" finished-at="2023-10-30T20:35:38 IST" duration-ms="2475" status="PASS">
          <reporter-output>
          </reporter-output>
        </test-method> <!-- setup -->
        <test-method is-config="true" signature="url()[pri:0, instance:Test.ChitraTest@6aeb35e6]" started-at="2023-10-30T20:35:38 IST" name="url" finished-at="2023-10-30T20:35:42 IST" duration-ms="3854" status="PASS">
          <reporter-output>
          </reporter-output>
        </test-method> <!-- url -->
        <test-method signature="test()[pri:0, instance:Test.ChitraTest@6aeb35e6]" started-at="2023-10-30T20:35:42 IST" name="test" finished-at="2023-10-30T20:35:45 IST" duration-ms="2740" status="PASS">
          <reporter-output>
          </reporter-output>
        </test-method> <!-- test -->
      </class> <!-- Test.ChitraTest -->
    </test> <!-- Default test -->
  </suite> <!-- Default suite -->
</testng-results>
